c:\users\theob\onedrive\documents\perso\prog perso\c++\projet eugen systems\orcversushuman\orcversushuman\x64\release\vc142.pdb
c:\users\theob\onedrive\documents\perso\prog perso\c++\projet eugen systems\orcversushuman\orcversushuman\x64\release\tools.obj
c:\users\theob\onedrive\documents\perso\prog perso\c++\projet eugen systems\orcversushuman\orcversushuman\x64\release\statemachine.obj
c:\users\theob\onedrive\documents\perso\prog perso\c++\projet eugen systems\orcversushuman\orcversushuman\x64\release\skin.obj
c:\users\theob\onedrive\documents\perso\prog perso\c++\projet eugen systems\orcversushuman\orcversushuman\x64\release\skill.obj
c:\users\theob\onedrive\documents\perso\prog perso\c++\projet eugen systems\orcversushuman\orcversushuman\x64\release\selectfighterstate.obj
c:\users\theob\onedrive\documents\perso\prog perso\c++\projet eugen systems\orcversushuman\orcversushuman\x64\release\playerturnstate.obj
c:\users\theob\onedrive\documents\perso\prog perso\c++\projet eugen systems\orcversushuman\orcversushuman\x64\release\orcversushuman.obj
c:\users\theob\onedrive\documents\perso\prog perso\c++\projet eugen systems\orcversushuman\orcversushuman\x64\release\mstate.obj
c:\users\theob\onedrive\documents\perso\prog perso\c++\projet eugen systems\orcversushuman\orcversushuman\x64\release\loadingstate.obj
c:\users\theob\onedrive\documents\perso\prog perso\c++\projet eugen systems\orcversushuman\orcversushuman\x64\release\initiativestate.obj
c:\users\theob\onedrive\documents\perso\prog perso\c++\projet eugen systems\orcversushuman\orcversushuman\x64\release\howtoplaystate.obj
c:\users\theob\onedrive\documents\perso\prog perso\c++\projet eugen systems\orcversushuman\orcversushuman\x64\release\fightstate.obj
c:\users\theob\onedrive\documents\perso\prog perso\c++\projet eugen systems\orcversushuman\orcversushuman\x64\release\fighter.obj
c:\users\theob\onedrive\documents\perso\prog perso\c++\projet eugen systems\orcversushuman\orcversushuman\x64\release\fightbehaviour.obj
c:\users\theob\onedrive\documents\perso\prog perso\c++\projet eugen systems\orcversushuman\orcversushuman\x64\release\entrygamestate.obj
c:\users\theob\onedrive\documents\perso\prog perso\c++\projet eugen systems\orcversushuman\orcversushuman\x64\release\enemyturnstate.obj
c:\users\theob\onedrive\documents\perso\prog perso\c++\projet eugen systems\orcversushuman\orcversushuman\x64\release\endfightstate.obj
c:\users\theob\onedrive\documents\perso\prog perso\c++\projet eugen systems\orcversushuman\orcversushuman\x64\release\datamanager.obj
c:\users\theob\onedrive\documents\perso\prog perso\c++\projet eugen systems\orcversushuman\orcversushuman\x64\release\armor.obj
c:\users\theob\onedrive\documents\perso\prog perso\c++\projet eugen systems\orcversushuman\orcversushuman\x64\release\appbehaviour.obj
c:\users\theob\onedrive\documents\perso\prog perso\c++\projet eugen systems\orcversushuman\orcversushuman\x64\release\weapon.obj
c:\users\theob\onedrive\documents\perso\prog perso\c++\projet eugen systems\orcversushuman\orcversushuman\x64\release\uimanager.obj
c:\users\theob\onedrive\documents\perso\prog perso\c++\projet eugen systems\orcversushuman\x64\release\orcversushuman.exe
c:\users\theob\onedrive\documents\perso\prog perso\c++\projet eugen systems\orcversushuman\orcversushuman\x64\release\orcversushuman.iobj
c:\users\theob\onedrive\documents\perso\prog perso\c++\projet eugen systems\orcversushuman\x64\release\orcversushuman.pdb
c:\users\theob\onedrive\documents\perso\prog perso\c++\projet eugen systems\orcversushuman\orcversushuman\x64\release\orcversushuman.ipdb
c:\users\theob\onedrive\documents\perso\prog perso\c++\projet eugen systems\orcversushuman\orcversushuman\x64\release\orcversushuman.tlog\cl.command.1.tlog
c:\users\theob\onedrive\documents\perso\prog perso\c++\projet eugen systems\orcversushuman\orcversushuman\x64\release\orcversushuman.tlog\cl.read.1.tlog
c:\users\theob\onedrive\documents\perso\prog perso\c++\projet eugen systems\orcversushuman\orcversushuman\x64\release\orcversushuman.tlog\cl.write.1.tlog
c:\users\theob\onedrive\documents\perso\prog perso\c++\projet eugen systems\orcversushuman\orcversushuman\x64\release\orcversushuman.tlog\link.command.1.tlog
c:\users\theob\onedrive\documents\perso\prog perso\c++\projet eugen systems\orcversushuman\orcversushuman\x64\release\orcversushuman.tlog\link.read.1.tlog
c:\users\theob\onedrive\documents\perso\prog perso\c++\projet eugen systems\orcversushuman\orcversushuman\x64\release\orcversushuman.tlog\link.write.1.tlog
