c:\users\theob\onedrive\documents\perso\prog perso\c++\projet eugen systems\orcversushuman\orcversushuman\debug\vc142.pdb
c:\users\theob\onedrive\documents\perso\prog perso\c++\projet eugen systems\orcversushuman\orcversushuman\debug\vc142.idb
c:\users\theob\onedrive\documents\perso\prog perso\c++\projet eugen systems\orcversushuman\orcversushuman\debug\uimanager.obj
c:\users\theob\onedrive\documents\perso\prog perso\c++\projet eugen systems\orcversushuman\orcversushuman\debug\tools.obj
c:\users\theob\onedrive\documents\perso\prog perso\c++\projet eugen systems\orcversushuman\orcversushuman\debug\statemachine.obj
c:\users\theob\onedrive\documents\perso\prog perso\c++\projet eugen systems\orcversushuman\orcversushuman\debug\skin.obj
c:\users\theob\onedrive\documents\perso\prog perso\c++\projet eugen systems\orcversushuman\orcversushuman\debug\skill.obj
c:\users\theob\onedrive\documents\perso\prog perso\c++\projet eugen systems\orcversushuman\orcversushuman\debug\selectfighterstate.obj
c:\users\theob\onedrive\documents\perso\prog perso\c++\projet eugen systems\orcversushuman\orcversushuman\debug\playerturnstate.obj
c:\users\theob\onedrive\documents\perso\prog perso\c++\projet eugen systems\orcversushuman\orcversushuman\debug\orcversushuman.obj
c:\users\theob\onedrive\documents\perso\prog perso\c++\projet eugen systems\orcversushuman\orcversushuman\debug\mstate.obj
c:\users\theob\onedrive\documents\perso\prog perso\c++\projet eugen systems\orcversushuman\orcversushuman\debug\loadingstate.obj
c:\users\theob\onedrive\documents\perso\prog perso\c++\projet eugen systems\orcversushuman\orcversushuman\debug\initiativestate.obj
c:\users\theob\onedrive\documents\perso\prog perso\c++\projet eugen systems\orcversushuman\orcversushuman\debug\fightstate.obj
c:\users\theob\onedrive\documents\perso\prog perso\c++\projet eugen systems\orcversushuman\orcversushuman\debug\fighter.obj
c:\users\theob\onedrive\documents\perso\prog perso\c++\projet eugen systems\orcversushuman\orcversushuman\debug\fightbehaviour.obj
c:\users\theob\onedrive\documents\perso\prog perso\c++\projet eugen systems\orcversushuman\orcversushuman\debug\entrygamestate.obj
c:\users\theob\onedrive\documents\perso\prog perso\c++\projet eugen systems\orcversushuman\orcversushuman\debug\enemyturnstate.obj
c:\users\theob\onedrive\documents\perso\prog perso\c++\projet eugen systems\orcversushuman\orcversushuman\debug\endfightstate.obj
c:\users\theob\onedrive\documents\perso\prog perso\c++\projet eugen systems\orcversushuman\orcversushuman\debug\datamanager.obj
c:\users\theob\onedrive\documents\perso\prog perso\c++\projet eugen systems\orcversushuman\orcversushuman\debug\armor.obj
c:\users\theob\onedrive\documents\perso\prog perso\c++\projet eugen systems\orcversushuman\orcversushuman\debug\appbehaviour.obj
c:\users\theob\onedrive\documents\perso\prog perso\c++\projet eugen systems\orcversushuman\orcversushuman\debug\weapon.obj
c:\users\theob\onedrive\documents\perso\prog perso\c++\projet eugen systems\orcversushuman\orcversushuman\debug\orcversushuman.ilk
c:\users\theob\onedrive\documents\perso\prog perso\c++\projet eugen systems\orcversushuman\debug\orcversushuman.exe
c:\users\theob\onedrive\documents\perso\prog perso\c++\projet eugen systems\orcversushuman\debug\orcversushuman.pdb
c:\users\theob\onedrive\documents\perso\prog perso\c++\projet eugen systems\orcversushuman\orcversushuman\debug\orcversushuman.tlog\cl.command.1.tlog
c:\users\theob\onedrive\documents\perso\prog perso\c++\projet eugen systems\orcversushuman\orcversushuman\debug\orcversushuman.tlog\cl.read.1.tlog
c:\users\theob\onedrive\documents\perso\prog perso\c++\projet eugen systems\orcversushuman\orcversushuman\debug\orcversushuman.tlog\cl.write.1.tlog
c:\users\theob\onedrive\documents\perso\prog perso\c++\projet eugen systems\orcversushuman\orcversushuman\debug\orcversushuman.tlog\link.command.1.tlog
c:\users\theob\onedrive\documents\perso\prog perso\c++\projet eugen systems\orcversushuman\orcversushuman\debug\orcversushuman.tlog\link.read.1.tlog
c:\users\theob\onedrive\documents\perso\prog perso\c++\projet eugen systems\orcversushuman\orcversushuman\debug\orcversushuman.tlog\link.write.1.tlog
